<?xml version="1.0" encoding="UTF-8"?>
<!-- Generated by org.testng.reporters.JUnitReportReporter -->
<testsuite hostname="DESKTOP-8J78PJ9" name="com.DataDrivenTest.DDFExample" tests="4" failures="0" timestamp="6 May 2019 18:17:09 GMT" time="41.695" errors="0">
  <testcase name="dataDrivenTest" time="9.964" classname="com.DataDrivenTest.DDFExample"/>
  <testcase name="dataDrivenTest" time="10.119" classname="com.DataDrivenTest.DDFExample"/>
  <testcase name="dataDrivenTest" time="10.502" classname="com.DataDrivenTest.DDFExample"/>
  <testcase name="dataDrivenTest" time="11.110" classname="com.DataDrivenTest.DDFExample"/>
</testsuite> <!-- com.DataDrivenTest.DDFExample -->
